# JRE version: Java(TM) SE Runtime Environment (17.0.12+8) (build 17.0.12+8-LTS-286)
# Java VM: Java HotSpot(TM) 64-Bit Server VM (17.0.12+8-LTS-286, mixed mode, sharing, tiered, compressed oops, compressed class ptrs, g1 gc, windows-amd64)
GC Precious Log:
 CPUs: 8 total, 8 available
 Memory: 8006M
 Large Page Support: Disabled
 NUMA Support: Disabled
 Compressed Oops: Enabled (32-bit)
 Heap Region Size: 1M
 Heap Min Capacity: 8M
 Heap Initial Capacity: 126M
 Heap Max Capacity: 2002M
 Pre-touch: Disabled
 Parallel Workers: 8
 Concurrent Workers: 2
 Concurrent Refinement Workers: 8
 Periodic GC: Disabled
Heap:
 garbage-first heap   total 221184K, used 124581K [0x0000000082e00000, 0x0000000100000000)
  region size 1024K, 63 young (64512K), 5 survivors (5120K)
 Metaspace       used 44357K, committed 44992K, reserved 1114112K
  class space    used 4992K, committed 5248K, reserved 1048576K
GC Heap History (20 events):
Event: 13.264 GC heap before
{Heap before GC invocations=6 (full 0):
 garbage-first heap   total 102400K, used 86016K [0x0000000082e00000, 0x0000000100000000)
  region size 1024K, 60 young (61440K), 3 survivors (3072K)
 Metaspace       used 24275K, committed 24512K, reserved 1114112K
  class space    used 2368K, committed 2496K, reserved 1048576K
}
Event: 13.313 GC heap after
{Heap after GC invocations=7 (full 0):
 garbage-first heap   total 102400K, used 37847K [0x0000000082e00000, 0x0000000100000000)
  region size 1024K, 8 young (8192K), 8 survivors (8192K)
 Metaspace       used 24275K, committed 24512K, reserved 1114112K
  class space    used 2368K, committed 2496K, reserved 1048576K
}
Event: 14.589 GC heap before
{Heap before GC invocations=7 (full 0):
 garbage-first heap   total 102400K, used 83927K [0x0000000082e00000, 0x0000000100000000)
  region size 1024K, 46 young (47104K), 8 survivors (8192K)
 Metaspace       used 27482K, committed 27712K, reserved 1114112K
  class space    used 2719K, committed 2816K, reserved 1048576K
}
Event: 14.626 GC heap after
{Heap after GC invocations=8 (full 0):
 garbage-first heap   total 102400K, used 41472K [0x0000000082e00000, 0x0000000100000000)
  region size 1024K, 4 young (4096K), 4 survivors (4096K)
 Metaspace       used 27482K, committed 27712K, reserved 1114112K
  class space    used 2719K, committed 2816K, reserved 1048576K
}
Event: 15.322 GC heap before
{Heap before GC invocations=8 (full 0):
 garbage-first heap   total 102400K, used 78336K [0x0000000082e00000, 0x0000000100000000)
  region size 1024K, 40 young (40960K), 4 survivors (4096K)
 Metaspace       used 29119K, committed 29440K, reserved 1114112K
  class space    used 2865K, committed 3008K, reserved 1048576K
}
Event: 15.350 GC heap after
{Heap after GC invocations=9 (full 0):
 garbage-first heap   total 102400K, used 45056K [0x0000000082e00000, 0x0000000100000000)
  region size 1024K, 4 young (4096K), 4 survivors (4096K)
 Metaspace       used 29119K, committed 29440K, reserved 1114112K
  class space    used 2865K, committed 3008K, reserved 1048576K
}
Event: 16.050 GC heap before
{Heap before GC invocations=9 (full 0):
 garbage-first heap   total 102400K, used 79872K [0x0000000082e00000, 0x0000000100000000)
  region size 1024K, 38 young (38912K), 4 survivors (4096K)
 Metaspace       used 30539K, committed 30848K, reserved 1114112K
  class space    used 3052K, committed 3200K, reserved 1048576K
}
Event: 16.071 GC heap after
{Heap after GC invocations=10 (full 0):
 garbage-first heap   total 128000K, used 47494K [0x0000000082e00000, 0x0000000100000000)
  region size 1024K, 2 young (2048K), 2 survivors (2048K)
 Metaspace       used 30539K, committed 30848K, reserved 1114112K
  class space    used 3052K, committed 3200K, reserved 1048576K
}
Event: 17.913 GC heap before
{Heap before GC invocations=10 (full 0):
 garbage-first heap   total 128000K, used 97670K [0x0000000082e00000, 0x0000000100000000)
  region size 1024K, 51 young (52224K), 2 survivors (2048K)
 Metaspace       used 32822K, committed 33280K, reserved 1114112K
  class space    used 3353K, committed 3584K, reserved 1048576K
}
Event: 17.932 GC heap after
{Heap after GC invocations=11 (full 0):
 garbage-first heap   total 128000K, used 52532K [0x0000000082e00000, 0x0000000100000000)
  region size 1024K, 7 young (7168K), 7 survivors (7168K)
 Metaspace       used 32822K, committed 33280K, reserved 1114112K
  class space    used 3353K, committed 3584K, reserved 1048576K
}
Event: 18.935 GC heap before
{Heap before GC invocations=11 (full 0):
 garbage-first heap   total 128000K, used 98612K [0x0000000082e00000, 0x0000000100000000)
  region size 1024K, 52 young (53248K), 7 survivors (7168K)
 Metaspace       used 34054K, committed 34560K, reserved 1114112K
  class space    used 3549K, committed 3776K, reserved 1048576K
}
Event: 18.959 GC heap after
{Heap after GC invocations=12 (full 0):
 garbage-first heap   total 128000K, used 56113K [0x0000000082e00000, 0x0000000100000000)
  region size 1024K, 4 young (4096K), 4 survivors (4096K)
 Metaspace       used 34054K, committed 34560K, reserved 1114112K
  class space    used 3549K, committed 3776K, reserved 1048576K
}
Event: 19.472 GC heap before
{Heap before GC invocations=12 (full 0):
 garbage-first heap   total 128000K, used 68401K [0x0000000082e00000, 0x0000000100000000)
  region size 1024K, 17 young (17408K), 4 survivors (4096K)
 Metaspace       used 35612K, committed 36096K, reserved 1114112K
  class space    used 3724K, committed 3968K, reserved 1048576K
}
Event: 19.499 GC heap after
{Heap after GC invocations=13 (full 0):
 garbage-first heap   total 128000K, used 58141K [0x0000000082e00000, 0x0000000100000000)
  region size 1024K, 2 young (2048K), 2 survivors (2048K)
 Metaspace       used 35612K, committed 36096K, reserved 1114112K
  class space    used 3724K, committed 3968K, reserved 1048576K
}
Event: 22.446 GC heap before
{Heap before GC invocations=14 (full 0):
 garbage-first heap   total 128000K, used 101149K [0x0000000082e00000, 0x0000000100000000)
  region size 1024K, 44 young (45056K), 2 survivors (2048K)
 Metaspace       used 40450K, committed 41024K, reserved 1114112K
  class space    used 4337K, committed 4608K, reserved 1048576K
}
Event: 22.469 GC heap after
{Heap after GC invocations=15 (full 0):
 garbage-first heap   total 128000K, used 62721K [0x0000000082e00000, 0x0000000100000000)
  region size 1024K, 6 young (6144K), 6 survivors (6144K)
 Metaspace       used 40450K, committed 41024K, reserved 1114112K
  class space    used 4337K, committed 4608K, reserved 1048576K
}
Event: 22.528 GC heap before
{Heap before GC invocations=15 (full 0):
 garbage-first heap   total 128000K, used 63745K [0x0000000082e00000, 0x0000000100000000)
  region size 1024K, 7 young (7168K), 6 survivors (6144K)
 Metaspace       used 40667K, committed 41152K, reserved 1114112K
  class space    used 4363K, committed 4608K, reserved 1048576K
}
Event: 22.543 GC heap after
{Heap after GC invocations=16 (full 0):
 garbage-first heap   total 128000K, used 62744K [0x0000000082e00000, 0x0000000100000000)
  region size 1024K, 1 young (1024K), 1 survivors (1024K)
 Metaspace       used 40667K, committed 41152K, reserved 1114112K
  class space    used 4363K, committed 4608K, reserved 1048576K
}
Event: 24.149 GC heap before
{Heap before GC invocations=16 (full 0):
 garbage-first heap   total 128000K, used 101656K [0x0000000082e00000, 0x0000000100000000)
  region size 1024K, 39 young (39936K), 1 survivors (1024K)
 Metaspace       used 41663K, committed 42304K, reserved 1114112K
  class space    used 4541K, committed 4800K, reserved 1048576K
}
Event: 24.165 GC heap after
{Heap after GC invocations=17 (full 0):
 garbage-first heap   total 221184K, used 66213K [0x0000000082e00000, 0x0000000100000000)
  region size 1024K, 5 young (5120K), 5 survivors (5120K)
 Metaspace       used 41663K, committed 42304K, reserved 1114112K
  class space    used 4541K, committed 4800K, reserved 1048576K
}

